# JRE version: Java(TM) SE Runtime Environment (8.0_172-b11) (build 1.8.0_172-b11)
# Java VM: Java HotSpot(TM) 64-Bit Server VM (25.172-b11 mixed mode windows-amd64 compressed oops)
Heap:
 PSYoungGen      total 36352K, used 26965K [0x00000000d7700000, 0x00000000dbe00000, 0x0000000100000000)
  eden space 31232K, 71% used [0x00000000d7700000,0x00000000d8ca8eb8,0x00000000d9580000)
  from space 5120K, 93% used [0x00000000d9580000,0x00000000d9a2c7c8,0x00000000d9a80000)
  to   space 5120K, 0% used [0x00000000db900000,0x00000000db900000,0x00000000dbe00000)
 ParOldGen       total 83456K, used 96K [0x0000000086400000, 0x000000008b580000, 0x00000000d7700000)
  object space 83456K, 0% used [0x0000000086400000,0x0000000086418028,0x000000008b580000)
 Metaspace       used 17047K, capacity 17188K, committed 17408K, reserved 1064960K
  class space    used 2414K, capacity 2442K, committed 2560K, reserved 1048576K
GC Heap History (6 events):
Event: 5.196 GC heap before
{Heap before GC invocations=1 (full 0):
 PSYoungGen      total 36352K, used 31232K [0x00000000d7700000, 0x00000000d9f80000, 0x0000000100000000)
  eden space 31232K, 100% used [0x00000000d7700000,0x00000000d9580000,0x00000000d9580000)
  from space 5120K, 0% used [0x00000000d9a80000,0x00000000d9a80000,0x00000000d9f80000)
  to   space 5120K, 0% used [0x00000000d9580000,0x00000000d9580000,0x00000000d9a80000)
 ParOldGen       total 83456K, used 0K [0x0000000086400000, 0x000000008b580000, 0x00000000d7700000)
  object space 83456K, 0% used [0x0000000086400000,0x0000000086400000,0x000000008b580000)
 Metaspace       used 9699K, capacity 9784K, committed 9856K, reserved 1058816K
  class space    used 1356K, capacity 1384K, committed 1408K, reserved 1048576K
Event: 5.199 GC heap after
Heap after GC invocations=1 (full 0):
 PSYoungGen      total 36352K, used 3702K [0x00000000d7700000, 0x00000000d9f80000, 0x0000000100000000)
  eden space 31232K, 0% used [0x00000000d7700000,0x00000000d7700000,0x00000000d9580000)
  from space 5120K, 72% used [0x00000000d9580000,0x00000000d991dbe0,0x00000000d9a80000)
  to   space 5120K, 0% used [0x00000000d9a80000,0x00000000d9a80000,0x00000000d9f80000)
 ParOldGen       total 83456K, used 8K [0x0000000086400000, 0x000000008b580000, 0x00000000d7700000)
  object space 83456K, 0% used [0x0000000086400000,0x0000000086402000,0x000000008b580000)
 Metaspace       used 9699K, capacity 9784K, committed 9856K, reserved 1058816K
  class space    used 1356K, capacity 1384K, committed 1408K, reserved 1048576K
}
Event: 5.388 GC heap before
{Heap before GC invocations=2 (full 0):
 PSYoungGen      total 36352K, used 34934K [0x00000000d7700000, 0x00000000d9f80000, 0x0000000100000000)
  eden space 31232K, 100% used [0x00000000d7700000,0x00000000d9580000,0x00000000d9580000)
  from space 5120K, 72% used [0x00000000d9580000,0x00000000d991dbe0,0x00000000d9a80000)
  to   space 5120K, 0% used [0x00000000d9a80000,0x00000000d9a80000,0x00000000d9f80000)
 ParOldGen       total 83456K, used 8K [0x0000000086400000, 0x000000008b580000, 0x00000000d7700000)
  object space 83456K, 0% used [0x0000000086400000,0x0000000086402000,0x000000008b580000)
 Metaspace       used 12329K, capacity 12440K, committed 12544K, reserved 1060864K
  class space    used 1697K, capacity 1736K, committed 1792K, reserved 1048576K
Event: 5.392 GC heap after
Heap after GC invocations=2 (full 0):
 PSYoungGen      total 36352K, used 4369K [0x00000000d7700000, 0x00000000d9f80000, 0x0000000100000000)
  eden space 31232K, 0% used [0x00000000d7700000,0x00000000d7700000,0x00000000d9580000)
  from space 5120K, 85% used [0x00000000d9a80000,0x00000000d9ec47a8,0x00000000d9f80000)
  to   space 5120K, 0% used [0x00000000d9580000,0x00000000d9580000,0x00000000d9a80000)
 ParOldGen       total 83456K, used 16K [0x0000000086400000, 0x000000008b580000, 0x00000000d7700000)
  object space 83456K, 0% used [0x0000000086400000,0x0000000086404000,0x000000008b580000)
 Metaspace       used 12329K, capacity 12440K, committed 12544K, reserved 1060864K
  class space    used 1697K, capacity 1736K, committed 1792K, reserved 1048576K
}
Event: 5.613 GC heap before
{Heap before GC invocations=3 (full 0):
 PSYoungGen      total 36352K, used 35601K [0x00000000d7700000, 0x00000000d9f80000, 0x0000000100000000)
  eden space 31232K, 100% used [0x00000000d7700000,0x00000000d9580000,0x00000000d9580000)
  from space 5120K, 85% used [0x00000000d9a80000,0x00000000d9ec47a8,0x00000000d9f80000)
  to   space 5120K, 0% used [0x00000000d9580000,0x00000000d9580000,0x00000000d9a80000)
 ParOldGen       total 83456K, used 16K [0x0000000086400000, 0x000000008b580000, 0x00000000d7700000)
  object space 83456K, 0% used [0x0000000086400000,0x0000000086404000,0x000000008b580000)
 Metaspace       used 14925K, capacity 15076K, committed 15232K, reserved 1062912K
  class space    used 2086K, capacity 2122K, committed 2176K, reserved 1048576K
Event: 5.616 GC heap after
Heap after GC invocations=3 (full 0):
 PSYoungGen      total 36352K, used 4785K [0x00000000d7700000, 0x00000000dbe00000, 0x0000000100000000)
  eden space 31232K, 0% used [0x00000000d7700000,0x00000000d7700000,0x00000000d9580000)
  from space 5120K, 93% used [0x00000000d9580000,0x00000000d9a2c7c8,0x00000000d9a80000)
  to   space 5120K, 0% used [0x00000000db900000,0x00000000db900000,0x00000000dbe00000)
 ParOldGen       total 83456K, used 96K [0x0000000086400000, 0x000000008b580000, 0x00000000d7700000)
  object space 83456K, 0% used [0x0000000086400000,0x0000000086418028,0x000000008b580000)
 Metaspace       used 14925K, capacity 15076K, committed 15232K, reserved 1062912K
  class space    used 2086K, capacity 2122K, committed 2176K, reserved 1048576K
}

