# JRE version: Java(TM) SE Runtime Environment (8.0_172-b11) (build 1.8.0_172-b11)
# Java VM: Java HotSpot(TM) 64-Bit Server VM (25.172-b11 mixed mode windows-amd64 compressed oops)
Heap:
 PSYoungGen      total 36352K, used 9477K [0x00000000d7700000, 0x00000000db780000, 0x0000000100000000)
  eden space 29696K, 22% used [0x00000000d7700000,0x00000000d7d8e840,0x00000000d9400000)
  from space 6656K, 41% used [0x00000000d9400000,0x00000000d96b2ce8,0x00000000d9a80000)
  to   space 6656K, 0% used [0x00000000db100000,0x00000000db100000,0x00000000db780000)
 ParOldGen       total 44032K, used 5130K [0x0000000086400000, 0x0000000088f00000, 0x00000000d7700000)
  object space 44032K, 11% used [0x0000000086400000,0x0000000086902b88,0x0000000088f00000)
 Metaspace       used 25600K, capacity 25846K, committed 26240K, reserved 1071104K
  class space    used 3575K, capacity 3655K, committed 3712K, reserved 1048576K
GC Heap History (10 events):
Event: 6.054 GC heap before
{Heap before GC invocations=4 (full 0):
 PSYoungGen      total 36352K, used 35995K [0x00000000d7700000, 0x00000000d9f80000, 0x0000000100000000)
  eden space 31232K, 100% used [0x00000000d7700000,0x00000000d9580000,0x00000000d9580000)
  from space 5120K, 93% used [0x00000000d9580000,0x00000000d9a26d20,0x00000000d9a80000)
  to   space 5120K, 0% used [0x00000000d9a80000,0x00000000d9a80000,0x00000000d9f80000)
 ParOldGen       total 83456K, used 96K [0x0000000086400000, 0x000000008b580000, 0x00000000d7700000)
  object space 83456K, 0% used [0x0000000086400000,0x0000000086418028,0x000000008b580000)
 Metaspace       used 19187K, capacity 19332K, committed 19712K, reserved 1067008K
  class space    used 2657K, capacity 2710K, committed 2816K, reserved 1048576K
Event: 6.059 GC heap after
Heap after GC invocations=4 (full 0):
 PSYoungGen      total 36352K, used 5115K [0x00000000d7700000, 0x00000000d9f80000, 0x0000000100000000)
  eden space 31232K, 0% used [0x00000000d7700000,0x00000000d7700000,0x00000000d9580000)
  from space 5120K, 99% used [0x00000000d9a80000,0x00000000d9f7ef80,0x00000000d9f80000)
  to   space 5120K, 0% used [0x00000000d9580000,0x00000000d9580000,0x00000000d9a80000)
 ParOldGen       total 83456K, used 434K [0x0000000086400000, 0x000000008b580000, 0x00000000d7700000)
  object space 83456K, 0% used [0x0000000086400000,0x000000008646cab8,0x000000008b580000)
 Metaspace       used 19187K, capacity 19332K, committed 19712K, reserved 1067008K
  class space    used 2657K, capacity 2710K, committed 2816K, reserved 1048576K
}
Event: 6.491 GC heap before
{Heap before GC invocations=5 (full 0):
 PSYoungGen      total 36352K, used 25784K [0x00000000d7700000, 0x00000000d9f80000, 0x0000000100000000)
  eden space 31232K, 66% used [0x00000000d7700000,0x00000000d8b2f170,0x00000000d9580000)
  from space 5120K, 99% used [0x00000000d9a80000,0x00000000d9f7ef80,0x00000000d9f80000)
  to   space 5120K, 0% used [0x00000000d9580000,0x00000000d9580000,0x00000000d9a80000)
 ParOldGen       total 83456K, used 434K [0x0000000086400000, 0x000000008b580000, 0x00000000d7700000)
  object space 83456K, 0% used [0x0000000086400000,0x000000008646cab8,0x000000008b580000)
 Metaspace       used 20848K, capacity 21028K, committed 21296K, reserved 1067008K
  class space    used 2882K, capacity 2934K, committed 2944K, reserved 1048576K
Event: 6.495 GC heap after
Heap after GC invocations=5 (full 0):
 PSYoungGen      total 36352K, used 5117K [0x00000000d7700000, 0x00000000d9f80000, 0x0000000100000000)
  eden space 31232K, 0% used [0x00000000d7700000,0x00000000d7700000,0x00000000d9580000)
  from space 5120K, 99% used [0x00000000d9580000,0x00000000d9a7f5d8,0x00000000d9a80000)
  to   space 5120K, 0% used [0x00000000d9a80000,0x00000000d9a80000,0x00000000d9f80000)
 ParOldGen       total 83456K, used 594K [0x0000000086400000, 0x000000008b580000, 0x00000000d7700000)
  object space 83456K, 0% used [0x0000000086400000,0x0000000086494948,0x000000008b580000)
 Metaspace       used 20848K, capacity 21028K, committed 21296K, reserved 1067008K
  class space    used 2882K, capacity 2934K, committed 2944K, reserved 1048576K
}
Event: 6.495 GC heap before
{Heap before GC invocations=6 (full 1):
 PSYoungGen      total 36352K, used 5117K [0x00000000d7700000, 0x00000000d9f80000, 0x0000000100000000)
  eden space 31232K, 0% used [0x00000000d7700000,0x00000000d7700000,0x00000000d9580000)
  from space 5120K, 99% used [0x00000000d9580000,0x00000000d9a7f5d8,0x00000000d9a80000)
  to   space 5120K, 0% used [0x00000000d9a80000,0x00000000d9a80000,0x00000000d9f80000)
 ParOldGen       total 83456K, used 594K [0x0000000086400000, 0x000000008b580000, 0x00000000d7700000)
  object space 83456K, 0% used [0x0000000086400000,0x0000000086494948,0x000000008b580000)
 Metaspace       used 20848K, capacity 21028K, committed 21296K, reserved 1067008K
  class space    used 2882K, capacity 2934K, committed 2944K, reserved 1048576K
Event: 6.516 GC heap after
Heap after GC invocations=6 (full 1):
 PSYoungGen      total 36352K, used 0K [0x00000000d7700000, 0x00000000d9f80000, 0x0000000100000000)
  eden space 31232K, 0% used [0x00000000d7700000,0x00000000d7700000,0x00000000d9580000)
  from space 5120K, 0% used [0x00000000d9580000,0x00000000d9580000,0x00000000d9a80000)
  to   space 5120K, 0% used [0x00000000d9a80000,0x00000000d9a80000,0x00000000d9f80000)
 ParOldGen       total 44032K, used 5122K [0x0000000086400000, 0x0000000088f00000, 0x00000000d7700000)
  object space 44032K, 11% used [0x0000000086400000,0x0000000086900b88,0x0000000088f00000)
 Metaspace       used 20848K, capacity 21028K, committed 21296K, reserved 1067008K
  class space    used 2882K, capacity 2934K, committed 2944K, reserved 1048576K
}
Event: 6.705 GC heap before
{Heap before GC invocations=7 (full 1):
 PSYoungGen      total 36352K, used 31232K [0x00000000d7700000, 0x00000000d9f80000, 0x0000000100000000)
  eden space 31232K, 100% used [0x00000000d7700000,0x00000000d9580000,0x00000000d9580000)
  from space 5120K, 0% used [0x00000000d9580000,0x00000000d9580000,0x00000000d9a80000)
  to   space 5120K, 0% used [0x00000000d9a80000,0x00000000d9a80000,0x00000000d9f80000)
 ParOldGen       total 44032K, used 5122K [0x0000000086400000, 0x0000000088f00000, 0x00000000d7700000)
  object space 44032K, 11% used [0x0000000086400000,0x0000000086900b88,0x0000000088f00000)
 Metaspace       used 23023K, capacity 23260K, committed 23552K, reserved 1069056K
  class space    used 3226K, capacity 3290K, committed 3328K, reserved 1048576K
Event: 6.707 GC heap after
Heap after GC invocations=7 (full 1):
 PSYoungGen      total 34816K, used 2494K [0x00000000d7700000, 0x00000000dba00000, 0x0000000100000000)
  eden space 29696K, 0% used [0x00000000d7700000,0x00000000d7700000,0x00000000d9400000)
  from space 5120K, 48% used [0x00000000d9a80000,0x00000000d9cef840,0x00000000d9f80000)
  to   space 6656K, 0% used [0x00000000d9400000,0x00000000d9400000,0x00000000d9a80000)
 ParOldGen       total 44032K, used 5122K [0x0000000086400000, 0x0000000088f00000, 0x00000000d7700000)
  object space 44032K, 11% used [0x0000000086400000,0x0000000086900b88,0x0000000088f00000)
 Metaspace       used 23023K, capacity 23260K, committed 23552K, reserved 1069056K
  class space    used 3226K, capacity 3290K, committed 3328K, reserved 1048576K
}
Event: 6.921 GC heap before
{Heap before GC invocations=8 (full 1):
 PSYoungGen      total 34816K, used 32190K [0x00000000d7700000, 0x00000000dba00000, 0x0000000100000000)
  eden space 29696K, 100% used [0x00000000d7700000,0x00000000d9400000,0x00000000d9400000)
  from space 5120K, 48% used [0x00000000d9a80000,0x00000000d9cef840,0x00000000d9f80000)
  to   space 6656K, 0% used [0x00000000d9400000,0x00000000d9400000,0x00000000d9a80000)
 ParOldGen       total 44032K, used 5122K [0x0000000086400000, 0x0000000088f00000, 0x00000000d7700000)
  object space 44032K, 11% used [0x0000000086400000,0x0000000086900b88,0x0000000088f00000)
 Metaspace       used 24880K, capacity 25142K, committed 25728K, reserved 1071104K
  class space    used 3517K, capacity 3591K, committed 3712K, reserved 1048576K
Event: 6.924 GC heap after
Heap after GC invocations=8 (full 1):
 PSYoungGen      total 36352K, used 2763K [0x00000000d7700000, 0x00000000db780000, 0x0000000100000000)
  eden space 29696K, 0% used [0x00000000d7700000,0x00000000d7700000,0x00000000d9400000)
  from space 6656K, 41% used [0x00000000d9400000,0x00000000d96b2ce8,0x00000000d9a80000)
  to   space 6656K, 0% used [0x00000000db100000,0x00000000db100000,0x00000000db780000)
 ParOldGen       total 44032K, used 5130K [0x0000000086400000, 0x0000000088f00000, 0x00000000d7700000)
  object space 44032K, 11% used [0x0000000086400000,0x0000000086902b88,0x0000000088f00000)
 Metaspace       used 24880K, capacity 25142K, committed 25728K, reserved 1071104K
  class space    used 3517K, capacity 3591K, committed 3712K, reserved 1048576K
}

