# JRE version: Java(TM) SE Runtime Environment (8.0_172-b11) (build 1.8.0_172-b11)
# Java VM: Java HotSpot(TM) 64-Bit Server VM (25.172-b11 mixed mode windows-amd64 compressed oops)
Heap:
 PSYoungGen      total 68608K, used 21102K [0x00000000d7700000, 0x00000000ded80000, 0x0000000100000000)
  eden space 61440K, 22% used [0x00000000d7700000,0x00000000d84a1928,0x00000000db300000)
  from space 7168K, 99% used [0x00000000de680000,0x00000000ded7a0e0,0x00000000ded80000)
  to   space 6144K, 0% used [0x00000000db300000,0x00000000db300000,0x00000000db900000)
 ParOldGen       total 44032K, used 6737K [0x0000000086400000, 0x0000000088f00000, 0x00000000d7700000)
  object space 44032K, 15% used [0x0000000086400000,0x0000000086a94478,0x0000000088f00000)
 Metaspace       used 33563K, capacity 33812K, committed 34432K, reserved 1079296K
  class space    used 4807K, capacity 4874K, committed 4992K, reserved 1048576K
GC Heap History (10 events):
Event: 6.469 GC heap before
{Heap before GC invocations=5 (full 0):
 PSYoungGen      total 67584K, used 26393K [0x00000000d7700000, 0x00000000dbe00000, 0x0000000100000000)
  eden space 62464K, 34% used [0x00000000d7700000,0x00000000d8bc9f98,0x00000000db400000)
  from space 5120K, 99% used [0x00000000db900000,0x00000000dbdfc750,0x00000000dbe00000)
  to   space 5120K, 0% used [0x00000000db400000,0x00000000db400000,0x00000000db900000)
 ParOldGen       total 83456K, used 426K [0x0000000086400000, 0x000000008b580000, 0x00000000d7700000)
  object space 83456K, 0% used [0x0000000086400000,0x000000008646aaf0,0x000000008b580000)
 Metaspace       used 20839K, capacity 20980K, committed 21296K, reserved 1067008K
  class space    used 2880K, capacity 2934K, committed 2944K, reserved 1048576K
Event: 6.474 GC heap after
Heap after GC invocations=5 (full 0):
 PSYoungGen      total 67584K, used 5107K [0x00000000d7700000, 0x00000000dbe00000, 0x0000000100000000)
  eden space 62464K, 0% used [0x00000000d7700000,0x00000000d7700000,0x00000000db400000)
  from space 5120K, 99% used [0x00000000db400000,0x00000000db8fcca0,0x00000000db900000)
  to   space 5120K, 0% used [0x00000000db900000,0x00000000db900000,0x00000000dbe00000)
 ParOldGen       total 83456K, used 548K [0x0000000086400000, 0x000000008b580000, 0x00000000d7700000)
  object space 83456K, 0% used [0x0000000086400000,0x00000000864892a0,0x000000008b580000)
 Metaspace       used 20839K, capacity 20980K, committed 21296K, reserved 1067008K
  class space    used 2880K, capacity 2934K, committed 2944K, reserved 1048576K
}
Event: 6.474 GC heap before
{Heap before GC invocations=6 (full 1):
 PSYoungGen      total 67584K, used 5107K [0x00000000d7700000, 0x00000000dbe00000, 0x0000000100000000)
  eden space 62464K, 0% used [0x00000000d7700000,0x00000000d7700000,0x00000000db400000)
  from space 5120K, 99% used [0x00000000db400000,0x00000000db8fcca0,0x00000000db900000)
  to   space 5120K, 0% used [0x00000000db900000,0x00000000db900000,0x00000000dbe00000)
 ParOldGen       total 83456K, used 548K [0x0000000086400000, 0x000000008b580000, 0x00000000d7700000)
  object space 83456K, 0% used [0x0000000086400000,0x00000000864892a0,0x000000008b580000)
 Metaspace       used 20839K, capacity 20980K, committed 21296K, reserved 1067008K
  class space    used 2880K, capacity 2934K, committed 2944K, reserved 1048576K
Event: 6.495 GC heap after
Heap after GC invocations=6 (full 1):
 PSYoungGen      total 67584K, used 0K [0x00000000d7700000, 0x00000000dbe00000, 0x0000000100000000)
  eden space 62464K, 0% used [0x00000000d7700000,0x00000000d7700000,0x00000000db400000)
  from space 5120K, 0% used [0x00000000db400000,0x00000000db400000,0x00000000db900000)
  to   space 5120K, 0% used [0x00000000db900000,0x00000000db900000,0x00000000dbe00000)
 ParOldGen       total 44032K, used 5136K [0x0000000086400000, 0x0000000088f00000, 0x00000000d7700000)
  object space 44032K, 11% used [0x0000000086400000,0x0000000086904110,0x0000000088f00000)
 Metaspace       used 20839K, capacity 20980K, committed 21296K, reserved 1067008K
  class space    used 2880K, capacity 2934K, committed 2944K, reserved 1048576K
}
Event: 6.910 GC heap before
{Heap before GC invocations=7 (full 1):
 PSYoungGen      total 67584K, used 62464K [0x00000000d7700000, 0x00000000dbe00000, 0x0000000100000000)
  eden space 62464K, 100% used [0x00000000d7700000,0x00000000db400000,0x00000000db400000)
  from space 5120K, 0% used [0x00000000db400000,0x00000000db400000,0x00000000db900000)
  to   space 5120K, 0% used [0x00000000db900000,0x00000000db900000,0x00000000dbe00000)
 ParOldGen       total 44032K, used 5136K [0x0000000086400000, 0x0000000088f00000, 0x00000000d7700000)
  object space 44032K, 11% used [0x0000000086400000,0x0000000086904110,0x0000000088f00000)
 Metaspace       used 24884K, capacity 25094K, committed 25472K, reserved 1071104K
  class space    used 3520K, capacity 3591K, committed 3712K, reserved 1048576K
Event: 6.913 GC heap after
Heap after GC invocations=7 (full 1):
 PSYoungGen      total 66560K, used 4635K [0x00000000d7700000, 0x00000000dee00000, 0x0000000100000000)
  eden space 61440K, 0% used [0x00000000d7700000,0x00000000d7700000,0x00000000db300000)
  from space 5120K, 90% used [0x00000000db900000,0x00000000dbd86f30,0x00000000dbe00000)
  to   space 6144K, 0% used [0x00000000db300000,0x00000000db300000,0x00000000db900000)
 ParOldGen       total 44032K, used 5144K [0x0000000086400000, 0x0000000088f00000, 0x00000000d7700000)
  object space 44032K, 11% used [0x0000000086400000,0x0000000086906110,0x0000000088f00000)
 Metaspace       used 24884K, capacity 25094K, committed 25472K, reserved 1071104K
  class space    used 3520K, capacity 3591K, committed 3712K, reserved 1048576K
}
Event: 7.361 GC heap before
{Heap before GC invocations=8 (full 1):
 PSYoungGen      total 66560K, used 66075K [0x00000000d7700000, 0x00000000dee00000, 0x0000000100000000)
  eden space 61440K, 100% used [0x00000000d7700000,0x00000000db300000,0x00000000db300000)
  from space 5120K, 90% used [0x00000000db900000,0x00000000dbd86f30,0x00000000dbe00000)
  to   space 6144K, 0% used [0x00000000db300000,0x00000000db300000,0x00000000db900000)
 ParOldGen       total 44032K, used 5144K [0x0000000086400000, 0x0000000088f00000, 0x00000000d7700000)
  object space 44032K, 11% used [0x0000000086400000,0x0000000086906110,0x0000000088f00000)
 Metaspace       used 29549K, capacity 29780K, committed 30336K, reserved 1075200K
  class space    used 4107K, capacity 4170K, committed 4224K, reserved 1048576K
Event: 7.364 GC heap after
Heap after GC invocations=8 (full 1):
 PSYoungGen      total 67584K, used 6142K [0x00000000d7700000, 0x00000000ded80000, 0x0000000100000000)
  eden space 61440K, 0% used [0x00000000d7700000,0x00000000d7700000,0x00000000db300000)
  from space 6144K, 99% used [0x00000000db300000,0x00000000db8ffae8,0x00000000db900000)
  to   space 7168K, 0% used [0x00000000de680000,0x00000000de680000,0x00000000ded80000)
 ParOldGen       total 44032K, used 6278K [0x0000000086400000, 0x0000000088f00000, 0x00000000d7700000)
  object space 44032K, 14% used [0x0000000086400000,0x0000000086a21b80,0x0000000088f00000)
 Metaspace       used 29549K, capacity 29780K, committed 30336K, reserved 1075200K
  class space    used 4107K, capacity 4170K, committed 4224K, reserved 1048576K
}
Event: 7.653 GC heap before
{Heap before GC invocations=9 (full 1):
 PSYoungGen      total 67584K, used 67582K [0x00000000d7700000, 0x00000000ded80000, 0x0000000100000000)
  eden space 61440K, 100% used [0x00000000d7700000,0x00000000db300000,0x00000000db300000)
  from space 6144K, 99% used [0x00000000db300000,0x00000000db8ffae8,0x00000000db900000)
  to   space 7168K, 0% used [0x00000000de680000,0x00000000de680000,0x00000000ded80000)
 ParOldGen       total 44032K, used 6278K [0x0000000086400000, 0x0000000088f00000, 0x00000000d7700000)
  object space 44032K, 14% used [0x0000000086400000,0x0000000086a21b80,0x0000000088f00000)
 Metaspace       used 33120K, capacity 33396K, committed 33792K, reserved 1079296K
  class space    used 4689K, capacity 4778K, committed 4864K, reserved 1048576K
Event: 7.658 GC heap after
Heap after GC invocations=9 (full 1):
 PSYoungGen      total 68608K, used 7144K [0x00000000d7700000, 0x00000000ded80000, 0x0000000100000000)
  eden space 61440K, 0% used [0x00000000d7700000,0x00000000d7700000,0x00000000db300000)
  from space 7168K, 99% used [0x00000000de680000,0x00000000ded7a0e0,0x00000000ded80000)
  to   space 6144K, 0% used [0x00000000db300000,0x00000000db300000,0x00000000db900000)
 ParOldGen       total 44032K, used 6737K [0x0000000086400000, 0x0000000088f00000, 0x00000000d7700000)
  object space 44032K, 15% used [0x0000000086400000,0x0000000086a94478,0x0000000088f00000)
 Metaspace       used 33120K, capacity 33396K, committed 33792K, reserved 1079296K
  class space    used 4689K, capacity 4778K, committed 4864K, reserved 1048576K
}

